[2025-07-13T16:50:42.603+0000] {local_task_job_runner.py:123} INFO - ::group::Pre task execution logs
[2025-07-13T16:50:42.656+0000] {taskinstance.py:2614} INFO - Dependencies all met for dep_context=non-requeueable deps ti=<TaskInstance: turnstile_ml_pipeline.tune_model manual__2025-07-13T16:36:30+00:00 [queued]>
[2025-07-13T16:50:42.679+0000] {taskinstance.py:2614} INFO - Dependencies all met for dep_context=requeueable deps ti=<TaskInstance: turnstile_ml_pipeline.tune_model manual__2025-07-13T16:36:30+00:00 [queued]>
[2025-07-13T16:50:42.680+0000] {taskinstance.py:2867} INFO - Starting attempt 4 of 4
[2025-07-13T16:50:42.705+0000] {taskinstance.py:2890} INFO - Executing <Task(BashOperator): tune_model> on 2025-07-13 16:36:30+00:00
[2025-07-13T16:50:42.720+0000] {logging_mixin.py:190} WARNING - /home/***/.local/lib/python3.12/site-packages/***/task/task_runner/standard_task_runner.py:70 DeprecationWarning: This process (pid=393) is multi-threaded, use of fork() may lead to deadlocks in the child.
[2025-07-13T16:50:42.723+0000] {standard_task_runner.py:72} INFO - Started process 399 to run task
[2025-07-13T16:50:42.720+0000] {standard_task_runner.py:104} INFO - Running: ['***', 'tasks', 'run', 'turnstile_ml_pipeline', 'tune_model', 'manual__2025-07-13T16:36:30+00:00', '--job-id', '13', '--raw', '--subdir', 'DAGS_FOLDER/pipeline_dag.py', '--cfg-path', '/tmp/tmpsojyruxh']
[2025-07-13T16:50:42.724+0000] {standard_task_runner.py:105} INFO - Job 13: Subtask tune_model
[2025-07-13T16:50:42.752+0000] {logging_mixin.py:190} WARNING - /home/***/.local/lib/python3.12/site-packages/***/settings.py:209 DeprecationWarning: The sql_alchemy_conn option in [core] has been moved to the sql_alchemy_conn option in [database] - the old setting has been used, but please update your config.
[2025-07-13T16:50:42.830+0000] {task_command.py:467} INFO - Running <TaskInstance: turnstile_ml_pipeline.tune_model manual__2025-07-13T16:36:30+00:00 [running]> on host 6011aa489c7f
[2025-07-13T16:50:42.986+0000] {taskinstance.py:3134} INFO - Exporting env vars: AIRFLOW_CTX_DAG_OWNER='***' AIRFLOW_CTX_DAG_ID='turnstile_ml_pipeline' AIRFLOW_CTX_TASK_ID='tune_model' AIRFLOW_CTX_EXECUTION_DATE='2025-07-13T16:36:30+00:00' AIRFLOW_CTX_TRY_NUMBER='4' AIRFLOW_CTX_DAG_RUN_ID='manual__2025-07-13T16:36:30+00:00'
[2025-07-13T16:50:42.987+0000] {taskinstance.py:732} INFO - ::endgroup::
[2025-07-13T16:50:43.019+0000] {subprocess.py:78} INFO - Tmp dir root location: /tmp
[2025-07-13T16:50:43.022+0000] {subprocess.py:88} INFO - Running command: ['/usr/bin/bash', '-c', '\n            python /opt/***/pipeline/tune_model.py                 --user ***                 --password ***                 --host postgres                 --port 5432                 --db_name ny_sub_turnstiles                 --features_table turnstile_features         ']
[2025-07-13T16:50:43.051+0000] {subprocess.py:99} INFO - Output:
[2025-07-13T16:50:49.565+0000] {subprocess.py:106} INFO -   0%|          | 0/30 [00:00<?, ?trial/s, best loss=?]2025/07/13 16:50:49 WARNING mlflow.utils.git_utils: Failed to import Git (the Git executable is probably not on your PATH), so Git SHA is not available. Error: Failed to initialize: Bad git executable.
[2025-07-13T16:50:49.567+0000] {subprocess.py:106} INFO - The git executable must be specified in one of the following ways:
[2025-07-13T16:50:49.569+0000] {subprocess.py:106} INFO -     - be included in your $PATH
[2025-07-13T16:50:49.570+0000] {subprocess.py:106} INFO -     - be set via $GIT_PYTHON_GIT_EXECUTABLE
[2025-07-13T16:50:49.571+0000] {subprocess.py:106} INFO -     - explicitly set via git.refresh(<full-path-to-git-executable>)
[2025-07-13T16:50:49.572+0000] {subprocess.py:106} INFO - 
[2025-07-13T16:50:49.573+0000] {subprocess.py:106} INFO - All git commands will error until this is rectified.
[2025-07-13T16:50:49.574+0000] {subprocess.py:106} INFO - 
[2025-07-13T16:50:49.575+0000] {subprocess.py:106} INFO - This initial message can be silenced or aggravated in the future by setting the
[2025-07-13T16:50:49.577+0000] {subprocess.py:106} INFO - $GIT_PYTHON_REFRESH environment variable. Use one of the following values:
[2025-07-13T16:50:49.578+0000] {subprocess.py:106} INFO -     - quiet|q|silence|s|silent|none|n|0: for no message or exception
[2025-07-13T16:50:49.579+0000] {subprocess.py:106} INFO -     - warn|w|warning|log|l|1: for a warning message (logging level CRITICAL, displayed by default)
[2025-07-13T16:50:49.580+0000] {subprocess.py:106} INFO -     - error|e|exception|raise|r|2: for a raised exception
[2025-07-13T16:50:49.581+0000] {subprocess.py:106} INFO - 
[2025-07-13T16:50:49.582+0000] {subprocess.py:106} INFO - Example:
[2025-07-13T16:50:49.584+0000] {subprocess.py:106} INFO -     export GIT_PYTHON_REFRESH=quiet
[2025-07-13T16:50:49.586+0000] {subprocess.py:106} INFO - 
[2025-07-13T16:50:49.587+0000] {subprocess.py:106} INFO - 
[2025-07-13T16:50:49.888+0000] {subprocess.py:106} INFO -                                                       [16:50:49] WARNING: ../src/learner.cc:767:
[2025-07-13T16:50:49.890+0000] {subprocess.py:106} INFO - Parameters: { "n_estimators" } are not used.
[2025-07-13T16:50:49.899+0000] {subprocess.py:106} INFO - 
[2025-07-13T16:50:49.902+0000] {subprocess.py:106} INFO -   0%|          | 0/30 [00:00<?, ?trial/s, best loss=?]                                                      [16:50:49] WARNING: ../src/learner.cc:1517: Empty dataset at worker: 0
[2025-07-13T16:50:49.906+0000] {subprocess.py:106} INFO -   0%|          | 0/30 [00:00<?, ?trial/s, best loss=?]                                                      [16:50:49] WARNING: ../src/learner.cc:1517: Empty dataset at worker: 0
[2025-07-13T16:50:49.920+0000] {subprocess.py:106} INFO -   0%|          | 0/30 [00:00<?, ?trial/s, best loss=?]                                                      [16:50:49] WARNING: ../src/learner.cc:1517: Empty dataset at worker: 0
[2025-07-13T16:50:49.921+0000] {subprocess.py:106} INFO -   0%|          | 0/30 [00:00<?, ?trial/s, best loss=?]                                                      [16:50:49] WARNING: ../src/learner.cc:1517: Empty dataset at worker: 0
[2025-07-13T16:50:49.945+0000] {subprocess.py:106} INFO -   0%|          | 0/30 [00:00<?, ?trial/s, best loss=?]                                                      [16:50:49] WARNING: ../src/learner.cc:1517: Empty dataset at worker: 0
[2025-07-13T16:50:49.945+0000] {subprocess.py:106} INFO -   0%|          | 0/30 [00:00<?, ?trial/s, best loss=?]                                                      [16:50:49] WARNING: ../src/learner.cc:1517: Empty dataset at worker: 0
[2025-07-13T16:50:49.970+0000] {subprocess.py:106} INFO -   0%|          | 0/30 [00:00<?, ?trial/s, best loss=?]                                                      [16:50:49] WARNING: ../src/learner.cc:1517: Empty dataset at worker: 0
[2025-07-13T16:50:49.971+0000] {subprocess.py:106} INFO -   0%|          | 0/30 [00:00<?, ?trial/s, best loss=?]                                                      [16:50:49] WARNING: ../src/learner.cc:1517: Empty dataset at worker: 0
[2025-07-13T16:50:49.998+0000] {subprocess.py:106} INFO -   0%|          | 0/30 [00:00<?, ?trial/s, best loss=?]                                                      [16:50:49] WARNING: ../src/learner.cc:1517: Empty dataset at worker: 0
[2025-07-13T16:50:49.999+0000] {subprocess.py:106} INFO -   0%|          | 0/30 [00:00<?, ?trial/s, best loss=?]                                                      [16:50:49] WARNING: ../src/learner.cc:1517: Empty dataset at worker: 0
[2025-07-13T16:50:50.025+0000] {subprocess.py:106} INFO -   0%|          | 0/30 [00:00<?, ?trial/s, best loss=?]                                                      [16:50:50] WARNING: ../src/learner.cc:1517: Empty dataset at worker: 0
[2025-07-13T16:50:50.026+0000] {subprocess.py:106} INFO -   0%|          | 0/30 [00:00<?, ?trial/s, best loss=?]                                                      [16:50:50] WARNING: ../src/learner.cc:1517: Empty dataset at worker: 0
[2025-07-13T16:50:50.052+0000] {subprocess.py:106} INFO -   0%|          | 0/30 [00:00<?, ?trial/s, best loss=?]                                                      [16:50:50] WARNING: ../src/learner.cc:1517: Empty dataset at worker: 0
[2025-07-13T16:50:50.053+0000] {subprocess.py:106} INFO -   0%|          | 0/30 [00:00<?, ?trial/s, best loss=?]                                                      [16:50:50] WARNING: ../src/learner.cc:1517: Empty dataset at worker: 0
[2025-07-13T16:50:50.078+0000] {subprocess.py:106} INFO -   0%|          | 0/30 [00:00<?, ?trial/s, best loss=?]                                                      [16:50:50] WARNING: ../src/learner.cc:1517: Empty dataset at worker: 0
[2025-07-13T16:50:50.079+0000] {subprocess.py:106} INFO -   0%|          | 0/30 [00:00<?, ?trial/s, best loss=?]                                                      [16:50:50] WARNING: ../src/learner.cc:1517: Empty dataset at worker: 0
[2025-07-13T16:50:50.104+0000] {subprocess.py:106} INFO -   0%|          | 0/30 [00:00<?, ?trial/s, best loss=?]                                                      [16:50:50] WARNING: ../src/learner.cc:1517: Empty dataset at worker: 0
[2025-07-13T16:50:50.105+0000] {subprocess.py:106} INFO -   0%|          | 0/30 [00:00<?, ?trial/s, best loss=?]                                                      [16:50:50] WARNING: ../src/learner.cc:1517: Empty dataset at worker: 0
[2025-07-13T16:50:50.134+0000] {subprocess.py:106} INFO -   0%|          | 0/30 [00:00<?, ?trial/s, best loss=?]                                                      [16:50:50] WARNING: ../src/learner.cc:1517: Empty dataset at worker: 0
[2025-07-13T16:50:50.135+0000] {subprocess.py:106} INFO -   0%|          | 0/30 [00:00<?, ?trial/s, best loss=?]                                                      [16:50:50] WARNING: ../src/learner.cc:1517: Empty dataset at worker: 0
[2025-07-13T16:50:50.176+0000] {subprocess.py:106} INFO -   0%|          | 0/30 [00:00<?, ?trial/s, best loss=?]                                                      [16:50:50] WARNING: ../src/learner.cc:1517: Empty dataset at worker: 0
[2025-07-13T16:50:50.237+0000] {subprocess.py:106} INFO -   0%|          | 0/30 [00:00<?, ?trial/s, best loss=?]                                                      ðŸƒ View run tune-20250713-165049 at: http://mlflow:5000/#/experiments/1/runs/90b51723e69e464ea535dc6f926ed494
[2025-07-13T16:50:50.238+0000] {subprocess.py:106} INFO - 
[2025-07-13T16:50:50.239+0000] {subprocess.py:106} INFO -   0%|          | 0/30 [00:00<?, ?trial/s, best loss=?]                                                      ðŸ§ª View experiment at: http://mlflow:5000/#/experiments/1
[2025-07-13T16:50:50.239+0000] {subprocess.py:106} INFO - 
[2025-07-13T16:50:50.309+0000] {subprocess.py:106} INFO -   0%|          | 0/30 [00:00<?, ?trial/s, best loss=?]job exception: Found array with 0 sample(s) (shape=(0,)) while a minimum of 1 is required.
[2025-07-13T16:50:50.310+0000] {subprocess.py:106} INFO - 
[2025-07-13T16:50:50.311+0000] {subprocess.py:106} INFO -   0%|          | 0/30 [00:00<?, ?trial/s, best loss=?]
[2025-07-13T16:50:50.312+0000] {subprocess.py:106} INFO - Traceback (most recent call last):
[2025-07-13T16:50:50.314+0000] {subprocess.py:106} INFO -   File "/opt/***/pipeline/tune_model.py", line 118, in <module>
[2025-07-13T16:50:50.315+0000] {subprocess.py:106} INFO -     tune(df, args.experiment_name, args.run_prefix, args.n_trials)
[2025-07-13T16:50:50.316+0000] {subprocess.py:106} INFO -   File "/opt/***/pipeline/tune_model.py", line 77, in tune
[2025-07-13T16:50:50.320+0000] {subprocess.py:106} INFO -     best_result = fmin(
[2025-07-13T16:50:50.321+0000] {subprocess.py:106} INFO -                   ^^^^^
[2025-07-13T16:50:50.322+0000] {subprocess.py:106} INFO -   File "/home/***/.local/lib/python3.12/site-packages/hyperopt/fmin.py", line 540, in fmin
[2025-07-13T16:50:50.323+0000] {subprocess.py:106} INFO -     return trials.fmin(
[2025-07-13T16:50:50.324+0000] {subprocess.py:106} INFO -            ^^^^^^^^^^^^
[2025-07-13T16:50:50.325+0000] {subprocess.py:106} INFO -   File "/home/***/.local/lib/python3.12/site-packages/hyperopt/base.py", line 671, in fmin
[2025-07-13T16:50:50.326+0000] {subprocess.py:106} INFO -     return fmin(
[2025-07-13T16:50:50.327+0000] {subprocess.py:106} INFO -            ^^^^^
[2025-07-13T16:50:50.328+0000] {subprocess.py:106} INFO -   File "/home/***/.local/lib/python3.12/site-packages/hyperopt/fmin.py", line 586, in fmin
[2025-07-13T16:50:50.328+0000] {subprocess.py:106} INFO -     rval.exhaust()
[2025-07-13T16:50:50.329+0000] {subprocess.py:106} INFO -   File "/home/***/.local/lib/python3.12/site-packages/hyperopt/fmin.py", line 364, in exhaust
[2025-07-13T16:50:50.331+0000] {subprocess.py:106} INFO -     self.run(self.max_evals - n_done, block_until_done=self.asynchronous)
[2025-07-13T16:50:50.332+0000] {subprocess.py:106} INFO -   File "/home/***/.local/lib/python3.12/site-packages/hyperopt/fmin.py", line 300, in run
[2025-07-13T16:50:50.334+0000] {subprocess.py:106} INFO -     self.serial_evaluate()
[2025-07-13T16:50:50.335+0000] {subprocess.py:106} INFO -   File "/home/***/.local/lib/python3.12/site-packages/hyperopt/fmin.py", line 178, in serial_evaluate
[2025-07-13T16:50:50.336+0000] {subprocess.py:106} INFO -     result = self.domain.evaluate(spec, ctrl)
[2025-07-13T16:50:50.337+0000] {subprocess.py:106} INFO -              ^^^^^^^^^^^^^^^^^^^^^^^^^^^^^^^^
[2025-07-13T16:50:50.338+0000] {subprocess.py:106} INFO -   File "/home/***/.local/lib/python3.12/site-packages/hyperopt/base.py", line 892, in evaluate
[2025-07-13T16:50:50.339+0000] {subprocess.py:106} INFO -     rval = self.fn(pyll_rval)
[2025-07-13T16:50:50.340+0000] {subprocess.py:106} INFO -            ^^^^^^^^^^^^^^^^^^
[2025-07-13T16:50:50.341+0000] {subprocess.py:106} INFO -   File "/opt/***/pipeline/tune_model.py", line 69, in objective
[2025-07-13T16:50:50.343+0000] {subprocess.py:106} INFO -     rmse = root_mean_squared_error(y_val, y_pred)
[2025-07-13T16:50:50.344+0000] {subprocess.py:106} INFO -            ^^^^^^^^^^^^^^^^^^^^^^^^^^^^^^^^^^^^^^
[2025-07-13T16:50:50.347+0000] {subprocess.py:106} INFO -   File "/home/***/.local/lib/python3.12/site-packages/sklearn/utils/_param_validation.py", line 218, in wrapper
[2025-07-13T16:50:50.351+0000] {subprocess.py:106} INFO -     return func(*args, **kwargs)
[2025-07-13T16:50:50.353+0000] {subprocess.py:106} INFO -            ^^^^^^^^^^^^^^^^^^^^^
[2025-07-13T16:50:50.354+0000] {subprocess.py:106} INFO -   File "/home/***/.local/lib/python3.12/site-packages/sklearn/metrics/_regression.py", line 665, in root_mean_squared_error
[2025-07-13T16:50:50.355+0000] {subprocess.py:106} INFO -     mean_squared_error(
[2025-07-13T16:50:50.356+0000] {subprocess.py:106} INFO -   File "/home/***/.local/lib/python3.12/site-packages/sklearn/utils/_param_validation.py", line 191, in wrapper
[2025-07-13T16:50:50.356+0000] {subprocess.py:106} INFO -     return func(*args, **kwargs)
[2025-07-13T16:50:50.359+0000] {subprocess.py:106} INFO -            ^^^^^^^^^^^^^^^^^^^^^
[2025-07-13T16:50:50.360+0000] {subprocess.py:106} INFO -   File "/home/***/.local/lib/python3.12/site-packages/sklearn/metrics/_regression.py", line 580, in mean_squared_error
[2025-07-13T16:50:50.364+0000] {subprocess.py:106} INFO -     _check_reg_targets_with_floating_dtype(
[2025-07-13T16:50:50.365+0000] {subprocess.py:106} INFO -   File "/home/***/.local/lib/python3.12/site-packages/sklearn/metrics/_regression.py", line 209, in _check_reg_targets_with_floating_dtype
[2025-07-13T16:50:50.367+0000] {subprocess.py:106} INFO -     y_type, y_true, y_pred, sample_weight, multioutput = _check_reg_targets(
[2025-07-13T16:50:50.368+0000] {subprocess.py:106} INFO -                                                          ^^^^^^^^^^^^^^^^^^^
[2025-07-13T16:50:50.369+0000] {subprocess.py:106} INFO -   File "/home/***/.local/lib/python3.12/site-packages/sklearn/metrics/_regression.py", line 115, in _check_reg_targets
[2025-07-13T16:50:50.370+0000] {subprocess.py:106} INFO -     y_true = check_array(y_true, ensure_2d=False, dtype=dtype)
[2025-07-13T16:50:50.373+0000] {subprocess.py:106} INFO -              ^^^^^^^^^^^^^^^^^^^^^^^^^^^^^^^^^^^^^^^^^^^^^^^^^
[2025-07-13T16:50:50.374+0000] {subprocess.py:106} INFO -   File "/home/***/.local/lib/python3.12/site-packages/sklearn/utils/validation.py", line 1128, in check_array
[2025-07-13T16:50:50.374+0000] {subprocess.py:106} INFO -     raise ValueError(
[2025-07-13T16:50:50.375+0000] {subprocess.py:106} INFO - ValueError: Found array with 0 sample(s) (shape=(0,)) while a minimum of 1 is required.
[2025-07-13T16:50:50.874+0000] {subprocess.py:110} INFO - Command exited with return code 1
[2025-07-13T16:50:50.889+0000] {taskinstance.py:3313} ERROR - Task failed with exception
Traceback (most recent call last):
  File "/home/airflow/.local/lib/python3.12/site-packages/airflow/models/taskinstance.py", line 768, in _execute_task
    result = _execute_callable(context=context, **execute_callable_kwargs)
             ^^^^^^^^^^^^^^^^^^^^^^^^^^^^^^^^^^^^^^^^^^^^^^^^^^^^^^^^^^^^^
  File "/home/airflow/.local/lib/python3.12/site-packages/airflow/models/taskinstance.py", line 734, in _execute_callable
    return ExecutionCallableRunner(
           ^^^^^^^^^^^^^^^^^^^^^^^^
  File "/home/airflow/.local/lib/python3.12/site-packages/airflow/utils/operator_helpers.py", line 252, in run
    return self.func(*args, **kwargs)
           ^^^^^^^^^^^^^^^^^^^^^^^^^^
  File "/home/airflow/.local/lib/python3.12/site-packages/airflow/models/baseoperator.py", line 424, in wrapper
    return func(self, *args, **kwargs)
           ^^^^^^^^^^^^^^^^^^^^^^^^^^^
  File "/home/airflow/.local/lib/python3.12/site-packages/airflow/operators/bash.py", line 276, in execute
    raise AirflowException(
airflow.exceptions.AirflowException: Bash command failed. The command returned a non-zero exit code 1.
[2025-07-13T16:50:50.897+0000] {taskinstance.py:1226} INFO - Marking task as FAILED. dag_id=turnstile_ml_pipeline, task_id=tune_model, run_id=manual__2025-07-13T16:36:30+00:00, execution_date=20250713T163630, start_date=20250713T165042, end_date=20250713T165050
[2025-07-13T16:50:50.939+0000] {taskinstance.py:341} INFO - ::group::Post task execution logs
[2025-07-13T16:50:50.941+0000] {standard_task_runner.py:124} ERROR - Failed to execute job 13 for task tune_model (Bash command failed. The command returned a non-zero exit code 1.; 399)
Traceback (most recent call last):
  File "/home/airflow/.local/lib/python3.12/site-packages/airflow/task/task_runner/standard_task_runner.py", line 117, in _start_by_fork
    ret = args.func(args, dag=self.dag)
          ^^^^^^^^^^^^^^^^^^^^^^^^^^^^^
  File "/home/airflow/.local/lib/python3.12/site-packages/airflow/cli/cli_config.py", line 49, in command
    return func(*args, **kwargs)
           ^^^^^^^^^^^^^^^^^^^^^
  File "/home/airflow/.local/lib/python3.12/site-packages/airflow/utils/cli.py", line 116, in wrapper
    return f(*args, **kwargs)
           ^^^^^^^^^^^^^^^^^^
  File "/home/airflow/.local/lib/python3.12/site-packages/airflow/cli/commands/task_command.py", line 483, in task_run
    task_return_code = _run_task_by_selected_method(args, _dag, ti)
                       ^^^^^^^^^^^^^^^^^^^^^^^^^^^^^^^^^^^^^^^^^^^^
  File "/home/airflow/.local/lib/python3.12/site-packages/airflow/cli/commands/task_command.py", line 256, in _run_task_by_selected_method
    return _run_raw_task(args, ti)
           ^^^^^^^^^^^^^^^^^^^^^^^
  File "/home/airflow/.local/lib/python3.12/site-packages/airflow/cli/commands/task_command.py", line 341, in _run_raw_task
    return ti._run_raw_task(
           ^^^^^^^^^^^^^^^^^
  File "/home/airflow/.local/lib/python3.12/site-packages/airflow/utils/session.py", line 97, in wrapper
    return func(*args, session=session, **kwargs)
           ^^^^^^^^^^^^^^^^^^^^^^^^^^^^^^^^^^^^^^
  File "/home/airflow/.local/lib/python3.12/site-packages/airflow/models/taskinstance.py", line 3006, in _run_raw_task
    return _run_raw_task(
           ^^^^^^^^^^^^^^
  File "/home/airflow/.local/lib/python3.12/site-packages/airflow/models/taskinstance.py", line 274, in _run_raw_task
    TaskInstance._execute_task_with_callbacks(
  File "/home/airflow/.local/lib/python3.12/site-packages/airflow/models/taskinstance.py", line 3161, in _execute_task_with_callbacks
    result = self._execute_task(context, task_orig)
             ^^^^^^^^^^^^^^^^^^^^^^^^^^^^^^^^^^^^^^
  File "/home/airflow/.local/lib/python3.12/site-packages/airflow/models/taskinstance.py", line 3185, in _execute_task
    return _execute_task(self, context, task_orig)
           ^^^^^^^^^^^^^^^^^^^^^^^^^^^^^^^^^^^^^^^
  File "/home/airflow/.local/lib/python3.12/site-packages/airflow/models/taskinstance.py", line 768, in _execute_task
    result = _execute_callable(context=context, **execute_callable_kwargs)
             ^^^^^^^^^^^^^^^^^^^^^^^^^^^^^^^^^^^^^^^^^^^^^^^^^^^^^^^^^^^^^
  File "/home/airflow/.local/lib/python3.12/site-packages/airflow/models/taskinstance.py", line 734, in _execute_callable
    return ExecutionCallableRunner(
           ^^^^^^^^^^^^^^^^^^^^^^^^
  File "/home/airflow/.local/lib/python3.12/site-packages/airflow/utils/operator_helpers.py", line 252, in run
    return self.func(*args, **kwargs)
           ^^^^^^^^^^^^^^^^^^^^^^^^^^
  File "/home/airflow/.local/lib/python3.12/site-packages/airflow/models/baseoperator.py", line 424, in wrapper
    return func(self, *args, **kwargs)
           ^^^^^^^^^^^^^^^^^^^^^^^^^^^
  File "/home/airflow/.local/lib/python3.12/site-packages/airflow/operators/bash.py", line 276, in execute
    raise AirflowException(
airflow.exceptions.AirflowException: Bash command failed. The command returned a non-zero exit code 1.
[2025-07-13T16:50:50.971+0000] {local_task_job_runner.py:266} INFO - Task exited with return code 1
[2025-07-13T16:50:51.002+0000] {taskinstance.py:3901} INFO - 0 downstream tasks scheduled from follow-on schedule check
[2025-07-13T16:50:51.008+0000] {local_task_job_runner.py:245} INFO - ::endgroup::
